Added Component: Designator=C1(CAP-MLCC-0603)
Added Component: Designator=C2(CAP-MLCC-0603)
Added Component: Designator=C3(CAP-MLCC-0603)
Added Component: Designator=C4(SMD-EC-F10)
Added Component: Designator=C8(CAP-MLCC-0603)
Added Component: Designator=C10(CAP-MLCC-0603)
Added Component: Designator=HCPL1(SOIC8)
Added Component: Designator=LM1(TO-263-5)
Added Component: Designator=P1(Green_2P)
Added Component: Designator=R1(RES-0603)
Added Component: Designator=R2(RES-0603)
Added Component: Designator=R3(RES-0603)
Added Component: Designator=R4(RES-0603)
Added Component: Designator=R5(RES-0603)
Added Component: Designator=R7(RES-0603)
Added Component: Designator=R8(RES-0603)
Added Component: Designator=R9(RES-0603)
Added Component: Designator=R10(RES-0603)
Added Component: Designator=R11(RES-0603)
Added Component: Designator=R12(RES-0603)
Added Component: Designator=R13(RES-0603)
Added Component: Designator=R14(RES-0603)
Added Component: Designator=R15(RES-0603)
Added Component: Designator=R16(RES-0603)
Added Pin To Net: NetName=3.3V Pin=C8-1
Added Pin To Net: NetName=3.3V Pin=HCPL1-8
Added Pin To Net: NetName=3.3V Pin=R14-2
Added Pin To Net: NetName=3.3V Pin=R15-2
Added Net: Name=3.3V
Added Net: Name=3V3
Added Pin To Net: NetName=5V Pin=C10-1
Added Pin To Net: NetName=5V Pin=HCPL1-1
Added Pin To Net: NetName=5V Pin=HCPL1-4
Added Pin To Net: NetName=5V Pin=LM1-4
Added Pin To Net: NetName=5V Pin=R11-2
Added Pin To Net: NetName=5V Pin=R12-2
Added Net: Name=5V
Added Pin To Net: NetName=12V Pin=C2-2
Added Pin To Net: NetName=12V Pin=C4-1
Added Pin To Net: NetName=12V Pin=LM1-1
Added Net: Name=12V
Added Pin To Net: NetName=CURRENT_AD Pin=R8-2
Added Net: Name=CURRENT_AD
Added Net: Name=DISIN
Added Net: Name=DIS
Added Pin To Net: NetName=GND Pin=C8-2
Added Pin To Net: NetName=GND Pin=C10-2
Added Pin To Net: NetName=GND Pin=HCPL1-5
Added Net: Name=GND
Added Pin To Net: NetName=NetC1_1 Pin=C1-1
Added Pin To Net: NetName=NetC1_1 Pin=P1-1
Added Net: Name=NetC1_1
Added Pin To Net: NetName=NetC1_2 Pin=C1-2
Added Net: Name=NetC1_2
Added Pin To Net: NetName=NetC3_1 Pin=C3-1
Added Pin To Net: NetName=NetC3_1 Pin=P1-2
Added Net: Name=NetC3_1
Added Pin To Net: NetName=NetC3_2 Pin=C3-2
Added Net: Name=NetC3_2
Added Pin To Net: NetName=NetD3_K Pin=LM1-2
Added Net: Name=NetD3_K
Added Pin To Net: NetName=NetHCPL1_2 Pin=HCPL1-2
Added Pin To Net: NetName=NetHCPL1_2 Pin=R13-2
Added Net: Name=NetHCPL1_2
Added Pin To Net: NetName=NetHCPL1_3 Pin=HCPL1-3
Added Pin To Net: NetName=NetHCPL1_3 Pin=R16-2
Added Net: Name=NetHCPL1_3
Added Pin To Net: NetName=NetHIP1_5 Pin=R5-2
Added Net: Name=NetHIP1_5
Added Pin To Net: NetName=NetHIP1_10 Pin=R2-2
Added Net: Name=NetHIP1_10
Added Pin To Net: NetName=NetHIP1_13 Pin=R4-2
Added Net: Name=NetHIP1_13
Added Pin To Net: NetName=NetHIP1_14 Pin=R3-1
Added Net: Name=NetHIP1_14
Added Pin To Net: NetName=NetHIP1_16 Pin=R1-2
Added Net: Name=NetHIP1_16
Added Pin To Net: NetName=NetQ1_G Pin=R2-1
Added Net: Name=NetQ1_G
Added Pin To Net: NetName=NetQ2_G Pin=R1-1
Added Net: Name=NetQ2_G
Added Pin To Net: NetName=NetQ3_G Pin=R4-1
Added Net: Name=NetQ3_G
Added Net: Name=NetQ3_S
Added Pin To Net: NetName=NetQ4_G Pin=R3-2
Added Net: Name=NetQ4_G
Added Pin To Net: NetName=NetR7_1 Pin=R7-1
Added Pin To Net: NetName=NetR7_1 Pin=R9-2
Added Net: Name=NetR7_1
Added Pin To Net: NetName=NetR7_2 Pin=R7-2
Added Net: Name=NetR7_2
Added Pin To Net: NetName=NetR8_1 Pin=R8-1
Added Pin To Net: NetName=NetR8_1 Pin=R10-2
Added Net: Name=NetR8_1
Added Pin To Net: NetName=PGND Pin=C2-1
Added Pin To Net: NetName=PGND Pin=C4-2
Added Pin To Net: NetName=PGND Pin=LM1-3
Added Pin To Net: NetName=PGND Pin=LM1-3
Added Pin To Net: NetName=PGND Pin=LM1-5
Added Pin To Net: NetName=PGND Pin=R5-1
Added Pin To Net: NetName=PGND Pin=R9-1
Added Pin To Net: NetName=PGND Pin=R10-1
Added Net: Name=PGND
Added Net: Name=PWMAIN
Added Net: Name=PWMA
Added Net: Name=PWMBIN
Added Net: Name=PWMB
Added Pin To Net: NetName=S_A Pin=R11-1
Added Pin To Net: NetName=S_A Pin=R13-1
Added Net: Name=S_A
Added Pin To Net: NetName=S_B Pin=R12-1
Added Pin To Net: NetName=S_B Pin=R16-1
Added Net: Name=S_B
Added Pin To Net: NetName=SPEED_A Pin=HCPL1-7
Added Pin To Net: NetName=SPEED_A Pin=R14-1
Added Net: Name=SPEED_A
Added Pin To Net: NetName=SPEED_B Pin=HCPL1-6
Added Pin To Net: NetName=SPEED_B Pin=R15-1
Added Net: Name=SPEED_B
Added Net: Name=VIN
Added Class: Name=brush_driver
