Added Component: Designator=C5(0805C)
Added Component: Designator=C6(6032C)
Added Component: Designator=C7(6032C)
Added Component: Designator=C9(6032C)
Added Component: Designator=Core1(STM32F103Small)
Added Component: Designator=D3(0805D)
Added Component: Designator=L1(SMDL52)
Added Component: Designator=Q1(LR7843)
Added Component: Designator=Q2(LR7843)
Added Component: Designator=Q3(LR7843)
Added Component: Designator=Q4(LR7843)
Added Component: Designator=R6(2512R)
Added Component: Designator=U1(SO-G8)
Added Component: Designator=U2(LM1117)
Added Pin To Net: NetName=PGND Pin=C5-1
Added Pin To Net: NetName=12V Pin=C5-2
Added Pin To Net: NetName=5V Pin=C6-1
Added Pin To Net: NetName=PGND Pin=C6-2
Added Pin To Net: NetName=3.3V Pin=C7-1
Added Pin To Net: NetName=GND Pin=C7-2
Added Pin To Net: NetName=5V Pin=C9-1
Added Pin To Net: NetName=GND Pin=C9-2
Added Pin To Net: NetName=3.3V Pin=Core1-1
Added Pin To Net: NetName=3.3V Pin=Core1-2
Added Pin To Net: NetName=GND Pin=Core1-4
Added Pin To Net: NetName=GND Pin=Core1-5
Added Pin To Net: NetName=SPEED_A Pin=Core1-10
Added Pin To Net: NetName=SPEED_B Pin=Core1-11
Added Pin To Net: NetName=PGND Pin=D3-A
Added Pin To Net: NetName=NetD3_K Pin=D3-K
Added Pin To Net: NetName=NetD3_K Pin=L1-1
Added Pin To Net: NetName=5V Pin=L1-2
Added Pin To Net: NetName=VIN Pin=Q1-D
Added Pin To Net: NetName=NetQ1_G Pin=Q1-G
Added Pin To Net: NetName=NetC3_1 Pin=Q1-S
Added Pin To Net: NetName=VIN Pin=Q2-D
Added Pin To Net: NetName=NetQ2_G Pin=Q2-G
Added Pin To Net: NetName=NetC1_1 Pin=Q2-S
Added Pin To Net: NetName=NetC3_1 Pin=Q3-D
Added Pin To Net: NetName=NetQ3_G Pin=Q3-G
Added Pin To Net: NetName=NetQ3_S Pin=Q3-S
Added Pin To Net: NetName=NetC1_1 Pin=Q4-D
Added Pin To Net: NetName=NetQ4_G Pin=Q4-G
Added Pin To Net: NetName=NetQ3_S Pin=Q4-S
Added Pin To Net: NetName=PGND Pin=R6-1
Added Pin To Net: NetName=NetQ3_S Pin=R6-2
Added Pin To Net: NetName=NetR7_2 Pin=U1-1
Added Pin To Net: NetName=NetR7_1 Pin=U1-2
Added Pin To Net: NetName=NetQ3_S Pin=U1-3
Added Pin To Net: NetName=3V3 Pin=U1-4
Added Pin To Net: NetName=NetR7_2 Pin=U1-5
Added Pin To Net: NetName=NetR8_1 Pin=U1-6
Added Pin To Net: NetName=CURRENT_AD Pin=U1-7
Added Pin To Net: NetName=PGND Pin=U1-8
Added Pin To Net: NetName=GND Pin=U2-1
Added Pin To Net: NetName=3.3V Pin=U2-2
Added Pin To Net: NetName=5V Pin=U2-3
Added Member To Class: ClassName=brush_driver Member=Component C5 Cap
Added Member To Class: ClassName=brush_driver Member=Component C6 Cap Pol3
Added Member To Class: ClassName=brush_driver Member=Component C7 Cap Pol3
Added Member To Class: ClassName=brush_driver Member=Component C9 Cap Pol3
Added Member To Class: ClassName=brush_driver Member=Component Core1 STM32F103 SMALL
Added Member To Class: ClassName=brush_driver Member=Component D3 1n5824
Added Member To Class: ClassName=brush_driver Member=Component L1 Inductor
Added Member To Class: ClassName=brush_driver Member=Component Q1 LR7843
Added Member To Class: ClassName=brush_driver Member=Component Q2 LR7843
Added Member To Class: ClassName=brush_driver Member=Component Q3 LR7843
Added Member To Class: ClassName=brush_driver Member=Component Q4 LR7843
Added Member To Class: ClassName=brush_driver Member=Component R6 Res1
Added Member To Class: ClassName=brush_driver Member=Component U1 MAX4489ASA
Added Member To Class: ClassName=brush_driver Member=Component U2 tlv1117-3.3
Added Room: Name=brush_driver
